2025-10-27 11:23:30,720 - INFO - 
2025-10-27 11:23:30,721 - INFO - ============================================================
2025-10-27 11:23:30,721 - INFO -              SCHWAB DATA EXTRACTION ORCHESTRATOR            
2025-10-27 11:23:30,722 - INFO - ============================================================
2025-10-27 11:23:30,722 - INFO - 
2025-10-27 11:23:30,723 - INFO - Start time: 2025-10-27 11:23:30
2025-10-27 11:23:30,723 - INFO - Download directory: downloads
2025-10-27 11:23:30,723 - INFO - Output file: _OBD_SCHW_DATA_OUTPUT.xlsx
2025-10-27 11:23:30,723 - INFO - 
2025-10-27 11:23:30,724 - INFO - ============================================================
2025-10-27 11:23:30,724 - INFO - STEP 1: DOWNLOADING PDF FILES
2025-10-27 11:23:30,724 - INFO - ============================================================
2025-10-27 11:23:30,724 - INFO - Running command: C:\Users\Execo Training\AppData\Local\Programs\Python\Python313\python.exe main.py --download-dir downloads
2025-10-27 11:24:23,969 - INFO - 
=== Schwab Financial Report Downloader ===

Download directory: downloads
Headless mode: False

[+] Chrome driver initialized (Headless: False)
Navigating to: https://www.aboutschwab.com/financial-reports#panel-25-75--5376
[+] Successfully navigated to the financial reports page
[*] Scanning all quarters to find the latest...
  Found 4 earnings release links
  Found: THIRD QUARTER 2025 - RELEASED 10/16/25
  Found: SECOND QUARTER 2025 - RELEASED 07/18/25
  Found: FIRST QUARTER 2025 - RELEASED 04/17/25
  Found: FOURTH QUARTER 2024 - RELEASED 01/21/25

[+] Latest quarterly report: THIRD QUARTER 2025
  Released: RELEASED 10/16/25
  URL: https://content.schwab.com/web/retail/public/about-schwab/schwab_q3_2025_earnings_release.pdf
Downloading: schwab_q3_2025_earnings_release.pdf
  Attempting direct download with requests...
[+] Downloaded via requests: downloads\schwab_q3_2025_earnings_release.pdf

[+] Successfully downloaded the latest quarterly report!
  File saved to: downloads\schwab_q3_2025_earnings_release.pdf

[*] Navigating to investor relations page...
[*] Searching for 13-week trading activity report...
[+] Found 13-week trading activity report
  URL: https://content.schwab.com/web/retail/public/about-schwab/13-week-table-trades-07212025-to--10172025.pdf
Downloading: 13-week-table-trades-07212025-to--10172025.pdf
  Attempting direct download with requests...
[+] Downloaded via requests: downloads\13-week-table-trades-07212025-to--10172025.pdf

[+] Successfully downloaded the 13-week trading activity report!
  File saved to: downloads\13-week-table-trades-07212025-to--10172025.pdf

[*] Searching for latest SMART supplement...
[*] Navigating to financial reports page...
[*] Found 5 SMART supplement link(s)
  Found: Aug 2025 - https://content.schwab.com/web/retail/public/about-schwab/Schwab_Aug2025_SMART_supplement.pdf
  Found: Sep 2025 - https://content.schwab.com/web/retail/public/about-schwab/schw_Sept2025_SMART_supplement.pdf
  Found: Jun 2025 - https://content.schwab.com/web/retail/public/about-schwab/Schwab_Jun2025_SMART_supplement.pdf
  Found: Mar 2025 - https://content.schwab.com/web/retail/public/about-schwab/Schwab_Mar2025_SMART_supplement.pdf
  Found: Dec 2024 - https://content.schwab.com/web/retail/public/about-schwab/Schwab_Dec2024_SMART_supplement.pdf

[+] Latest SMART supplement: Sep 2025
  URL: https://content.schwab.com/web/retail/public/about-schwab/schw_Sept2025_SMART_supplement.pdf
Downloading: schw_Sept2025_SMART_supplement.pdf
  Attempting direct download with requests...
[+] Downloaded via requests: downloads\schw_Sept2025_SMART_supplement.pdf

[+] Successfully downloaded the SMART supplement!
  File saved to: downloads\schw_Sept2025_SMART_supplement.pdf

[+] Total files downloaded: 3

Closing browser...

2025-10-27 11:24:23,971 - INFO - [SUCCESS] Download completed successfully
2025-10-27 11:24:23,971 - INFO - 
[*] Verifying downloaded files...
2025-10-27 11:24:23,972 - INFO -   [OK] Found *earnings_release*.pdf: schwab_q3_2025_earnings_release.pdf
2025-10-27 11:24:23,972 - INFO -   [OK] Found *13-week*.pdf: 13-week-table-trades-07212025-to--10172025.pdf
2025-10-27 11:24:23,973 - INFO -   [OK] Found *SMART*.pdf: schw_Sept2025_SMART_supplement.pdf
2025-10-27 11:24:23,973 - INFO -   [OK] All required files present
2025-10-27 11:24:23,973 - INFO - ============================================================
2025-10-27 11:24:23,973 - INFO - STEP 2: EXTRACTING AND MAPPING DATA
2025-10-27 11:24:23,973 - INFO - ============================================================
2025-10-27 11:24:23,974 - INFO - Running command: C:\Users\Execo Training\AppData\Local\Programs\Python\Python313\python.exe map.py --download-dir downloads --output _OBD_SCHW_DATA_OUTPUT.xlsx
2025-10-27 11:24:25,895 - INFO - 
=== Schwab Data Mapper ===

[+] Quarterly report: schwab_q3_2025_earnings_release.pdf
[+] Trading report: 13-week-table-trades-07212025-to--10172025.pdf
[+] SMART supplement: schw_Sept2025_SMART_supplement.pdf

[*] Extracting quarterly margin balances from Financial Highlights...
[+] Financial Highlights detected on page 5
[+] Found 5 quarterly margin values: ['93.8', '82.8', '84.4', '85.4', '74.0']

[*] Locating Monthly Activity Report...
[+] Monthly Activity Report detected on page 9

[*] Extracting monthly report data...
[+] Found 13 months: ['Sep', 'Oct', 'Nov', 'Dec', 'Jan', 'Feb', 'Mar', 'Apr', 'May', 'Jun', 'Jul', 'Aug', 'Sep']
[+] Month keys: ['2024-09', '2024-10', '2024-11', '2024-12', '2025-01', '2025-02', '2025-03', '2025-04', '2025-05', '2025-06', '2025-07', '2025-08', '2025-09']
[+] Extracted data for 13 months

[*] Extracting trading activity data...
[+] Found 13 weekly trade values
[+] Extracted trading data for 4 months

[*] Extracting SMART supplement data...
[+] Extracted 9 fund categories from SMART supplement
[+] Extracted SMART data for 13 months

[*] Building final dataset...

[*] Applying quarterly value logic and calculating Margin Loan Balances...

[*] Mapping quarterly margin balances from Financial Highlights...
  2024-Q3: $74.0B applied to 1 months
  2024-Q4: $85.4B applied to 3 months
  2025-Q1: $84.4B applied to 3 months
  2025-Q2: $82.8B applied to 3 months
  2025-Q3: $93.8B applied to 3 months
[+] Built dataset with 13 rows and 31 columns
[+] Processed 5 quarters

[+] Data saved to: _OBD_SCHW_DATA_OUTPUT.xlsx
[+] Column order is fixed and consistent

[+] Extraction complete!

2025-10-27 11:24:25,897 - INFO - [SUCCESS] Data mapping completed successfully
2025-10-27 11:24:25,898 - INFO - [SUCCESS] Output saved to: _OBD_SCHW_DATA_OUTPUT.xlsx
2025-10-27 11:24:25,898 - INFO - 
2025-10-27 11:24:25,898 - INFO - ============================================================
2025-10-27 11:24:25,898 - INFO - [SUCCESS] ORCHESTRATION COMPLETED SUCCESSFULLY
2025-10-27 11:24:25,898 - INFO - ============================================================
2025-10-27 11:24:25,898 - INFO - End time: 2025-10-27 11:24:25
2025-10-27 11:24:25,899 - INFO - Duration: 55.18 seconds
2025-10-27 11:24:25,899 - INFO - Output file: _OBD_SCHW_DATA_OUTPUT.xlsx
2025-10-27 11:24:25,899 - INFO - 
2025-11-17 12:01:51,912 - INFO - 
2025-11-17 12:01:51,949 - INFO - ============================================================
2025-11-17 12:01:51,959 - INFO -              SCHWAB DATA EXTRACTION ORCHESTRATOR            
2025-11-17 12:01:51,960 - INFO - ============================================================
2025-11-17 12:01:51,960 - INFO - 
2025-11-17 12:01:51,995 - INFO - Start time: 2025-11-17 12:01:51
2025-11-17 12:01:52,037 - INFO - Download directory: downloads
2025-11-17 12:01:52,044 - INFO - Output file: _OBD_SCHW_DATA_OUTPUT.xlsx
2025-11-17 12:01:52,055 - INFO - 
2025-11-17 12:01:52,072 - INFO - ============================================================
2025-11-17 12:01:52,094 - INFO - STEP 1: DOWNLOADING PDF FILES
2025-11-17 12:01:52,112 - INFO - ============================================================
2025-11-17 12:01:52,144 - INFO - Running command: C:\Users\Execo Training\AppData\Local\Programs\Python\Python313\python.exe main.py --download-dir downloads
2025-11-17 12:02:48,131 - INFO - 
=== Schwab Financial Report Downloader ===

Download directory: downloads
Headless mode: False

[+] Chrome driver initialized (Headless: False)
Navigating to: https://www.aboutschwab.com/financial-reports#panel-25-75--5376
[+] Successfully navigated to the financial reports page
[*] Scanning all quarters to find the latest...
  Found 4 earnings release links
  Found: THIRD QUARTER 2025 - RELEASED 10/16/25
  Found: SECOND QUARTER 2025 - RELEASED 07/18/25
  Found: FIRST QUARTER 2025 - RELEASED 04/17/25
  Found: FOURTH QUARTER 2024 - RELEASED 01/21/25

[+] Latest quarterly report: THIRD QUARTER 2025
  Released: RELEASED 10/16/25
  URL: https://content.schwab.com/web/retail/public/about-schwab/schwab_q3_2025_earnings_release.pdf
Downloading: schwab_q3_2025_earnings_release.pdf
  Attempting direct download with requests...
[+] Downloaded via requests: downloads\schwab_q3_2025_earnings_release.pdf

[+] Successfully downloaded the latest quarterly report!
  File saved to: downloads\schwab_q3_2025_earnings_release.pdf

[*] Navigating to investor relations page...
[*] Searching for 13-week trading activity report...
[+] Found 13-week trading activity report
  URL: https://content.schwab.com/web/retail/public/about-schwab/13-week-table-trades-08112025-to-11072025.pdf
Downloading: 13-week-table-trades-08112025-to-11072025.pdf
  Attempting direct download with requests...
[+] Downloaded via requests: downloads\13-week-table-trades-08112025-to-11072025.pdf

[+] Successfully downloaded the 13-week trading activity report!
  File saved to: downloads\13-week-table-trades-08112025-to-11072025.pdf

[*] Searching for latest SMART supplement...
[*] Navigating to financial reports page...
[*] Found 5 SMART supplement link(s)
  Found: Oct 2025 - https://content.schwab.com/web/retail/public/about-schwab/Schwab_Oct2025_SMART_supplement.pdf
  Found: Sep 2025 - https://content.schwab.com/web/retail/public/about-schwab/schw_Sept2025_SMART_supplement.pdf
  Found: Jun 2025 - https://content.schwab.com/web/retail/public/about-schwab/Schwab_Jun2025_SMART_supplement.pdf
  Found: Mar 2025 - https://content.schwab.com/web/retail/public/about-schwab/Schwab_Mar2025_SMART_supplement.pdf
  Found: Dec 2024 - https://content.schwab.com/web/retail/public/about-schwab/Schwab_Dec2024_SMART_supplement.pdf

[+] Latest SMART supplement: Oct 2025
  URL: https://content.schwab.com/web/retail/public/about-schwab/Schwab_Oct2025_SMART_supplement.pdf
Downloading: Schwab_Oct2025_SMART_supplement.pdf
  Attempting direct download with requests...
[+] Downloaded via requests: downloads\Schwab_Oct2025_SMART_supplement.pdf

[+] Successfully downloaded the SMART supplement!
  File saved to: downloads\Schwab_Oct2025_SMART_supplement.pdf

[+] Total files downloaded: 3

Closing browser...

2025-11-17 12:02:48,134 - INFO - [SUCCESS] Download completed successfully
2025-11-17 12:02:48,134 - INFO - 
[*] Verifying downloaded files...
2025-11-17 12:02:48,135 - INFO -   [OK] Found *earnings_release*.pdf: schwab_q3_2025_earnings_release.pdf
2025-11-17 12:02:48,135 - INFO -   [OK] Found *13-week*.pdf: 13-week-table-trades-08112025-to-11072025.pdf
2025-11-17 12:02:48,136 - INFO -   [OK] Found *SMART*.pdf: Schwab_Oct2025_SMART_supplement.pdf
2025-11-17 12:02:48,136 - INFO -   [OK] All required files present
2025-11-17 12:02:48,136 - INFO - ============================================================
2025-11-17 12:02:48,136 - INFO - STEP 2: EXTRACTING AND MAPPING DATA
2025-11-17 12:02:48,136 - INFO - ============================================================
2025-11-17 12:02:48,137 - INFO - Running command: C:\Users\Execo Training\AppData\Local\Programs\Python\Python313\python.exe map.py --download-dir downloads --output _OBD_SCHW_DATA_OUTPUT.xlsx
2025-11-17 12:02:53,236 - INFO - 
=== Schwab Data Mapper ===

[+] Quarterly report: schwab_q3_2025_earnings_release.pdf
[+] Trading report: 13-week-table-trades-08112025-to-11072025.pdf
[+] SMART supplement: Schwab_Oct2025_SMART_supplement.pdf

[*] Extracting quarterly margin balances from Financial Highlights...
[+] Financial Highlights detected on page 5
[+] Found 5 quarterly margin values: ['93.8', '82.8', '84.4', '85.4', '74.0']

[*] Locating Monthly Activity Report...
[+] Monthly Activity Report detected on page 9

[*] Extracting monthly report data...
[+] Found 13 months: ['Sep', 'Oct', 'Nov', 'Dec', 'Jan', 'Feb', 'Mar', 'Apr', 'May', 'Jun', 'Jul', 'Aug', 'Sep']
[+] Month keys: ['2024-09', '2024-10', '2024-11', '2024-12', '2025-01', '2025-02', '2025-03', '2025-04', '2025-05', '2025-06', '2025-07', '2025-08', '2025-09']
[+] Extracted data for 13 months

[*] Extracting trading activity data...
[+] Found 13 weekly trade values
[+] Extracted trading data for 4 months

[*] Extracting SMART supplement data...
[+] Extracted 9 fund categories from SMART supplement
[+] Extracted SMART data for 13 months

[*] Building final dataset...

[*] Applying quarterly value logic and calculating Margin Loan Balances...

[*] Mapping quarterly margin balances from Financial Highlights...
  2024-Q3: $74.0B applied to 1 months
  2024-Q4: $85.4B applied to 3 months
  2025-Q1: $84.4B applied to 3 months
  2025-Q2: $82.8B applied to 3 months
  2025-Q3: $93.8B applied to 3 months
[+] Built dataset with 13 rows and 31 columns
[+] Processed 5 quarters

[+] Data saved to: _OBD_SCHW_DATA_OUTPUT.xlsx
[+] Column order is fixed and consistent

[+] Extraction complete!

2025-11-17 12:02:53,237 - INFO - [SUCCESS] Data mapping completed successfully
2025-11-17 12:02:53,238 - INFO - [SUCCESS] Output saved to: _OBD_SCHW_DATA_OUTPUT.xlsx
2025-11-17 12:02:53,238 - INFO - 
2025-11-17 12:02:53,238 - INFO - ============================================================
2025-11-17 12:02:53,238 - INFO - [SUCCESS] ORCHESTRATION COMPLETED SUCCESSFULLY
2025-11-17 12:02:53,238 - INFO - ============================================================
2025-11-17 12:02:53,239 - INFO - End time: 2025-11-17 12:02:53
2025-11-17 12:02:53,239 - INFO - Duration: 61.33 seconds
2025-11-17 12:02:53,239 - INFO - Output file: _OBD_SCHW_DATA_OUTPUT.xlsx
2025-11-17 12:02:53,239 - INFO - 
2025-12-18 09:42:07,951 - INFO - 
2025-12-18 09:42:07,952 - INFO - ============================================================
2025-12-18 09:42:07,952 - INFO -              SCHWAB DATA EXTRACTION ORCHESTRATOR            
2025-12-18 09:42:07,952 - INFO - ============================================================
2025-12-18 09:42:07,952 - INFO - 
2025-12-18 09:42:07,953 - INFO - Start time: 2025-12-18 09:42:07
2025-12-18 09:42:07,953 - INFO - Download directory: downloads
2025-12-18 09:42:07,953 - INFO - Output file: _OBD_SCHW_DATA_OUTPUT.xlsx
2025-12-18 09:42:07,953 - INFO - 
2025-12-18 09:42:07,953 - INFO - ============================================================
2025-12-18 09:42:07,953 - INFO - STEP 1: DOWNLOADING PDF FILES
2025-12-18 09:42:07,953 - INFO - ============================================================
2025-12-18 09:42:07,954 - INFO - Running command: C:\Users\Execo Training\AppData\Local\Programs\Python\Python313\python.exe main.py --download-dir downloads
2025-12-18 09:42:21,793 - ERROR - Error output: Exception ignored in: <function Chrome.__del__ at 0x00000271CBEF4860>
Traceback (most recent call last):
  File "C:\Users\Execo Training\AppData\Local\Programs\Python\Python313\Lib\site-packages\undetected_chromedriver\__init__.py", line 843, in __del__
    self.quit()
  File "C:\Users\Execo Training\AppData\Local\Programs\Python\Python313\Lib\site-packages\undetected_chromedriver\__init__.py", line 798, in quit
    time.sleep(0.1)
OSError: [WinError 6] The handle is invalid

2025-12-18 09:42:21,794 - ERROR - 
[FAILED] ORCHESTRATION FAILED: Download step failed
2025-12-18 09:46:24,279 - INFO - 
2025-12-18 09:46:24,279 - INFO - ============================================================
2025-12-18 09:46:24,280 - INFO -              SCHWAB DATA EXTRACTION ORCHESTRATOR            
2025-12-18 09:46:24,280 - INFO - ============================================================
2025-12-18 09:46:24,280 - INFO - 
2025-12-18 09:46:24,280 - INFO - Start time: 2025-12-18 09:46:24
2025-12-18 09:46:24,280 - INFO - Download directory: downloads
2025-12-18 09:46:24,281 - INFO - Output file: _OBD_SCHW_DATA_OUTPUT.xlsx
2025-12-18 09:46:24,281 - INFO - 
2025-12-18 09:46:24,281 - INFO - ============================================================
2025-12-18 09:46:24,281 - INFO - STEP 1: DOWNLOADING PDF FILES
2025-12-18 09:46:24,281 - INFO - ============================================================
2025-12-18 09:46:24,281 - INFO - Running command: C:\Users\Execo Training\AppData\Local\Programs\Python\Python313\python.exe main.py --download-dir downloads
2025-12-18 09:46:34,829 - ERROR - [X] Download failed: Command '['C:\\Users\\Execo Training\\AppData\\Local\\Programs\\Python\\Python313\\python.exe', 'main.py', '--download-dir', 'downloads']' returned non-zero exit status 1.
2025-12-18 09:46:34,829 - ERROR - Error output: Exception ignored in: <function Chrome.__del__ at 0x00000296F5EF4860>
Traceback (most recent call last):
  File "C:\Users\Execo Training\AppData\Local\Programs\Python\Python313\Lib\site-packages\undetected_chromedriver\__init__.py", line 843, in __del__
    self.quit()
  File "C:\Users\Execo Training\AppData\Local\Programs\Python\Python313\Lib\site-packages\undetected_chromedriver\__init__.py", line 798, in quit
    time.sleep(0.1)
OSError: [WinError 6] The handle is invalid

2025-12-18 09:46:34,830 - ERROR - 
[FAILED] ORCHESTRATION FAILED: Download step failed
2025-12-18 09:48:35,134 - INFO - 
2025-12-18 09:48:35,135 - INFO - ============================================================
2025-12-18 09:48:35,135 - INFO -              SCHWAB DATA EXTRACTION ORCHESTRATOR            
2025-12-18 09:48:35,135 - INFO - ============================================================
2025-12-18 09:48:35,135 - INFO - 
2025-12-18 09:48:35,135 - INFO - Start time: 2025-12-18 09:48:35
2025-12-18 09:48:35,136 - INFO - Download directory: downloads
2025-12-18 09:48:35,136 - INFO - Output file: _OBD_SCHW_DATA_OUTPUT.xlsx
2025-12-18 09:48:35,136 - INFO - 
2025-12-18 09:48:35,136 - INFO - ============================================================
2025-12-18 09:48:35,136 - INFO - STEP 1: DOWNLOADING PDF FILES
2025-12-18 09:48:35,136 - INFO - ============================================================
2025-12-18 09:48:35,136 - INFO - Running command: C:\Users\Execo Training\AppData\Local\Programs\Python\Python313\python.exe main.py --download-dir downloads
2025-12-18 09:48:49,037 - ERROR - [X] Download failed: Command '['C:\\Users\\Execo Training\\AppData\\Local\\Programs\\Python\\Python313\\python.exe', 'main.py', '--download-dir', 'downloads']' returned non-zero exit status 1.
2025-12-18 09:48:49,041 - ERROR - Error output: Exception ignored in: <function Chrome.__del__ at 0x000002626F2247C0>
Traceback (most recent call last):
  File "C:\Users\Execo Training\AppData\Local\Programs\Python\Python313\Lib\site-packages\undetected_chromedriver\__init__.py", line 843, in __del__
    self.quit()
  File "C:\Users\Execo Training\AppData\Local\Programs\Python\Python313\Lib\site-packages\undetected_chromedriver\__init__.py", line 798, in quit
    time.sleep(0.1)
OSError: [WinError 6] The handle is invalid

2025-12-18 09:48:49,044 - ERROR - 
[FAILED] ORCHESTRATION FAILED: Download step failed
2026-01-28 10:39:25,002 - INFO - 
2026-01-28 10:39:25,134 - INFO - ============================================================
2026-01-28 10:39:25,136 - INFO -              SCHWAB DATA EXTRACTION ORCHESTRATOR            
2026-01-28 10:39:25,137 - INFO - ============================================================
2026-01-28 10:39:25,138 - INFO - 
2026-01-28 10:39:25,139 - INFO - Start time: 2026-01-28 10:39:25
2026-01-28 10:39:25,139 - INFO - Download directory: downloads
2026-01-28 10:39:25,140 - INFO - Output file: _OBD_SCHW_DATA_OUTPUT.xlsx
2026-01-28 10:39:25,140 - INFO - 
2026-01-28 10:39:25,147 - INFO - ============================================================
2026-01-28 10:39:25,148 - INFO - STEP 1: DOWNLOADING PDF FILES
2026-01-28 10:39:25,148 - INFO - ============================================================
2026-01-28 10:39:25,152 - INFO - Running command: C:\Users\Execo Training\AppData\Local\Programs\Python\Python313\python.exe main.py --download-dir downloads
2026-01-28 10:40:33,279 - INFO - 
=== Schwab Financial Report Downloader ===

Download directory: downloads
Headless mode: False

[*] Detected Chrome version: 144.0.7559.97 (major: 144)
[*] Initializing Chrome driver with automatic version matching...
[*] Trying initialization strategy 1...
[+] Chrome driver initialized successfully using strategy 1 (Headless: False)
Navigating to: https://www.aboutschwab.com/financial-reports#panel-25-75--5376
[+] Successfully navigated to the financial reports page
[*] Scanning all quarters to find the latest...
  Found 4 earnings release links
  Found: FOURTH QUARTER 2025 - RELEASED 01/21/26
  Found: THIRD QUARTER 2025 - RELEASED 10/16/25
  Found: SECOND QUARTER 2025 - RELEASED 07/18/25
  Found: FIRST QUARTER 2025 - RELEASED 04/17/25

[+] Latest quarterly report: FOURTH QUARTER 2025
  Released: RELEASED 01/21/26
  URL: https://content.schwab.com/web/retail/public/about-schwab/schwab_q4_2025_earnings_release.pdf
Downloading: schwab_q4_2025_earnings_release.pdf
[+] Downloaded via Selenium: downloads\schwab_q4_2025_earnings_release.pdf

[+] Successfully downloaded the latest quarterly report!
  File saved to: downloads\schwab_q4_2025_earnings_release.pdf

[*] Navigating to investor relations page...
[*] Searching for 13-week trading activity report...
[+] Found 13-week trading activity report
  URL: https://content.schwab.com/web/retail/public/about-schwab/13-week-table-trades-102725-to-012326.pdf
Downloading: 13-week-table-trades-102725-to-012326.pdf
[+] Downloaded via Selenium: downloads\13-week-table-trades-102725-to-012326.pdf

[+] Successfully downloaded the 13-week trading activity report!
  File saved to: downloads\13-week-table-trades-102725-to-012326.pdf

[*] Searching for monthly activity report announcement...
[*] Navigating to financial reports page...
[*] Found 1 announcement element(s)
[+] Found monthly activity report for November 2025
  Link text: View release and table
  URL: https://content.schwab.com/web/retail/public/about-schwab/schw_nov2025_press_release.pdf
Downloading: schw_nov2025_press_release.pdf
[+] Downloaded via Selenium: downloads\schw_nov2025_press_release.pdf

[+] Successfully downloaded the Monthly Client Metrics!
  File saved to: downloads\schw_nov2025_press_release.pdf

[+] Total files downloaded: 3

Closing browser...

2026-01-28 10:40:33,282 - INFO - [SUCCESS] Download completed successfully
2026-01-28 10:40:33,282 - INFO - 
[*] Verifying downloaded files...
2026-01-28 10:40:33,283 - INFO -   [OK] Found *earnings_release*.pdf: schwab_q3_2025_earnings_release.pdf
2026-01-28 10:40:33,283 - INFO -   [OK] Found *13-week*.pdf: 13-week-table-trades-091525-to-121225.pdf
2026-01-28 10:40:33,283 - WARNING -   [WARNING] Missing files: *SMART*.pdf
2026-01-28 10:40:33,283 - WARNING -   Some data fields may be incomplete
2026-01-28 10:40:33,284 - INFO - ============================================================
2026-01-28 10:40:33,284 - INFO - STEP 2: EXTRACTING AND MAPPING DATA
2026-01-28 10:40:33,284 - INFO - ============================================================
2026-01-28 10:40:33,284 - INFO - Running command: C:\Users\Execo Training\AppData\Local\Programs\Python\Python313\python.exe map.py --download-dir downloads --output _OBD_SCHW_DATA_OUTPUT.xlsx
2026-01-28 10:40:38,960 - INFO - 
=== Schwab Data Mapper ===

[+] Quarterly report: schw_nov2025_press_release (1).pdf
[+] Trading report: 13-week-table-trades-102725-to-012326.pdf

[*] Extracting quarterly margin balances from Financial Highlights...
[-] Could not auto-detect Financial Highlights page, defaulting to page 1
[-] Could not extract margin balances from Financial Highlights

[*] Locating Monthly Activity Report...
[+] Monthly Activity Report detected on page 2

[*] Extracting monthly report data...
[+] Found 13 months: ['Nov', 'Dec', 'Jan', 'Feb', 'Mar', 'Apr', 'May', 'Jun', 'Jul', 'Aug', 'Sep', 'Oct', 'Nov']
[+] Month keys: ['2024-11', '2024-12', '2025-01', '2025-02', '2025-03', '2025-04', '2025-05', '2025-06', '2025-07', '2025-08', '2025-09', '2025-10', '2025-11']
[+] Extracted data for 13 months

[*] Extracting trading activity data...
[+] Found 13 weekly trade values
[+] Extracted trading data for 4 months

[*] Building final dataset...

[*] Applying quarterly value logic and calculating Margin Loan Balances...

[*] Mapping quarterly margin balances from Financial Highlights...
  [-] Could not map quarterly margin values, using None
[+] Built dataset with 13 rows and 31 columns
[+] Processed 5 quarters

[+] Data saved to: _OBD_SCHW_DATA_OUTPUT.xlsx
[+] Column order is fixed and consistent

[+] Extraction complete!

2026-01-28 10:40:38,962 - INFO - [SUCCESS] Data mapping completed successfully
2026-01-28 10:40:38,962 - INFO - [SUCCESS] Output saved to: _OBD_SCHW_DATA_OUTPUT.xlsx
2026-01-28 10:40:38,962 - INFO - 
2026-01-28 10:40:38,962 - INFO - ============================================================
2026-01-28 10:40:38,962 - INFO - [SUCCESS] ORCHESTRATION COMPLETED SUCCESSFULLY
2026-01-28 10:40:38,963 - INFO - ============================================================
2026-01-28 10:40:38,963 - INFO - End time: 2026-01-28 10:40:38
2026-01-28 10:40:38,963 - INFO - Duration: 73.96 seconds
2026-01-28 10:40:38,963 - INFO - Output file: _OBD_SCHW_DATA_OUTPUT.xlsx
2026-01-28 10:40:38,963 - INFO - 
2026-01-28 10:41:37,283 - INFO - 
2026-01-28 10:41:37,283 - INFO - ============================================================
2026-01-28 10:41:37,284 - INFO -              SCHWAB DATA EXTRACTION ORCHESTRATOR            
2026-01-28 10:41:37,284 - INFO - ============================================================
2026-01-28 10:41:37,284 - INFO - 
2026-01-28 10:41:37,284 - INFO - Start time: 2026-01-28 10:41:37
2026-01-28 10:41:37,285 - INFO - Download directory: downloads
2026-01-28 10:41:37,286 - INFO - Output file: _OBD_SCHW_DATA_OUTPUT.xlsx
2026-01-28 10:41:37,286 - INFO - 
2026-01-28 10:41:37,286 - INFO - ============================================================
2026-01-28 10:41:37,287 - INFO - STEP 1: DOWNLOADING PDF FILES
2026-01-28 10:41:37,287 - INFO - ============================================================
2026-01-28 10:41:37,287 - INFO - Running command: C:\Users\Execo Training\AppData\Local\Programs\Python\Python313\python.exe main.py --download-dir downloads
2026-01-28 10:42:29,458 - INFO - 
=== Schwab Financial Report Downloader ===

Download directory: downloads
Headless mode: False

[*] Detected Chrome version: 144.0.7559.97 (major: 144)
[*] Initializing Chrome driver with automatic version matching...
[*] Trying initialization strategy 1...
[+] Chrome driver initialized successfully using strategy 1 (Headless: False)
Navigating to: https://www.aboutschwab.com/financial-reports#panel-25-75--5376
[+] Successfully navigated to the financial reports page
[*] Scanning all quarters to find the latest...
  Found 4 earnings release links
  Found: FOURTH QUARTER 2025 - RELEASED 01/21/26
  Found: THIRD QUARTER 2025 - RELEASED 10/16/25
  Found: SECOND QUARTER 2025 - RELEASED 07/18/25
  Found: FIRST QUARTER 2025 - RELEASED 04/17/25

[+] Latest quarterly report: FOURTH QUARTER 2025
  Released: RELEASED 01/21/26
  URL: https://content.schwab.com/web/retail/public/about-schwab/schwab_q4_2025_earnings_release.pdf
Downloading: schwab_q4_2025_earnings_release.pdf
[+] Downloaded via Selenium: downloads\schwab_q4_2025_earnings_release.pdf

[+] Successfully downloaded the latest quarterly report!
  File saved to: downloads\schwab_q4_2025_earnings_release.pdf

[*] Navigating to investor relations page...
[*] Searching for 13-week trading activity report...
[+] Found 13-week trading activity report
  URL: https://content.schwab.com/web/retail/public/about-schwab/13-week-table-trades-102725-to-012326.pdf
Downloading: 13-week-table-trades-102725-to-012326.pdf
[+] Downloaded via Selenium: downloads\13-week-table-trades-102725-to-012326.pdf

[+] Successfully downloaded the 13-week trading activity report!
  File saved to: downloads\13-week-table-trades-102725-to-012326.pdf

[*] Searching for monthly activity report announcement...
[*] Navigating to financial reports page...
[*] Found 1 announcement element(s)
[+] Found monthly activity report for November 2025
  Link text: View release and table
  URL: https://content.schwab.com/web/retail/public/about-schwab/schw_nov2025_press_release.pdf
Downloading: schw_nov2025_press_release.pdf
[+] Downloaded via Selenium: downloads\schw_nov2025_press_release.pdf

[+] Successfully downloaded the Monthly Client Metrics!
  File saved to: downloads\schw_nov2025_press_release.pdf

[+] Total files downloaded: 3

Closing browser...

2026-01-28 10:42:29,460 - INFO - [SUCCESS] Download completed successfully
2026-01-28 10:42:29,460 - INFO - 
[*] Verifying downloaded files...
2026-01-28 10:42:29,461 - INFO -   [OK] Found *earnings_release*.pdf: schwab_q4_2025_earnings_release.pdf
2026-01-28 10:42:29,461 - INFO -   [OK] Found *13-week*.pdf: 13-week-table-trades-102725-to-012326.pdf
2026-01-28 10:42:29,462 - WARNING -   [WARNING] Missing files: *SMART*.pdf
2026-01-28 10:42:29,462 - WARNING -   Some data fields may be incomplete
2026-01-28 10:42:29,462 - INFO - ============================================================
2026-01-28 10:42:29,462 - INFO - STEP 2: EXTRACTING AND MAPPING DATA
2026-01-28 10:42:29,463 - INFO - ============================================================
2026-01-28 10:42:29,463 - INFO - Running command: C:\Users\Execo Training\AppData\Local\Programs\Python\Python313\python.exe map.py --download-dir downloads --output _OBD_SCHW_DATA_OUTPUT.xlsx
2026-01-28 10:42:30,988 - INFO - 
=== Schwab Data Mapper ===

[+] Quarterly report: schw_nov2025_press_release.pdf
[+] Trading report: 13-week-table-trades-102725-to-012326.pdf

[*] Extracting quarterly margin balances from Financial Highlights...
[-] Could not auto-detect Financial Highlights page, defaulting to page 1
[-] Could not extract margin balances from Financial Highlights

[*] Locating Monthly Activity Report...
[+] Monthly Activity Report detected on page 2

[*] Extracting monthly report data...
[+] Found 13 months: ['Nov', 'Dec', 'Jan', 'Feb', 'Mar', 'Apr', 'May', 'Jun', 'Jul', 'Aug', 'Sep', 'Oct', 'Nov']
[+] Month keys: ['2024-11', '2024-12', '2025-01', '2025-02', '2025-03', '2025-04', '2025-05', '2025-06', '2025-07', '2025-08', '2025-09', '2025-10', '2025-11']
[+] Extracted data for 13 months

[*] Extracting trading activity data...
[+] Found 13 weekly trade values
[+] Extracted trading data for 4 months

[*] Building final dataset...

[*] Applying quarterly value logic and calculating Margin Loan Balances...

[*] Mapping quarterly margin balances from Financial Highlights...
  [-] Could not map quarterly margin values, using None
[+] Built dataset with 13 rows and 31 columns
[+] Processed 5 quarters

[+] Data saved to: _OBD_SCHW_DATA_OUTPUT.xlsx
[+] Column order is fixed and consistent

[+] Extraction complete!

2026-01-28 10:42:30,989 - INFO - [SUCCESS] Data mapping completed successfully
2026-01-28 10:42:30,990 - INFO - [SUCCESS] Output saved to: _OBD_SCHW_DATA_OUTPUT.xlsx
2026-01-28 10:42:30,990 - INFO - 
2026-01-28 10:42:30,990 - INFO - ============================================================
2026-01-28 10:42:30,990 - INFO - [SUCCESS] ORCHESTRATION COMPLETED SUCCESSFULLY
2026-01-28 10:42:30,990 - INFO - ============================================================
2026-01-28 10:42:30,990 - INFO - End time: 2026-01-28 10:42:30
2026-01-28 10:42:30,991 - INFO - Duration: 53.71 seconds
2026-01-28 10:42:30,991 - INFO - Output file: _OBD_SCHW_DATA_OUTPUT.xlsx
2026-01-28 10:42:30,991 - INFO - 
2026-03-16 11:08:12,942 - INFO - 
2026-03-16 11:08:12,942 - INFO - ============================================================
2026-03-16 11:08:12,942 - INFO -              SCHWAB DATA EXTRACTION ORCHESTRATOR            
2026-03-16 11:08:12,942 - INFO - ============================================================
2026-03-16 11:08:12,942 - INFO - 
2026-03-16 11:08:12,942 - INFO - Start time: 2026-03-16 11:08:12
2026-03-16 11:08:12,943 - INFO - Download directory: downloads
2026-03-16 11:08:12,943 - INFO - Output file: _OBD_SCHW_DATA_OUTPUT.xlsx
2026-03-16 11:08:12,943 - INFO - 
2026-03-16 11:08:12,943 - INFO - ============================================================
2026-03-16 11:08:12,943 - INFO - STEP 1: DOWNLOADING PDF FILES
2026-03-16 11:08:12,943 - INFO - ============================================================
2026-03-16 11:08:12,943 - INFO - Running command: C:\Users\Execo Training\AppData\Local\Programs\Python\Python313\python.exe main.py --download-dir downloads
2026-03-16 11:09:00,073 - ERROR - [X] Download failed: Command '['C:\\Users\\Execo Training\\AppData\\Local\\Programs\\Python\\Python313\\python.exe', 'main.py', '--download-dir', 'downloads']' returned non-zero exit status 1.
2026-03-16 11:09:00,074 - ERROR - Error output: Exception ignored in: <function Chrome.__del__ at 0x0000020C07921940>
Traceback (most recent call last):
  File "C:\Users\Execo Training\AppData\Local\Programs\Python\Python313\Lib\site-packages\undetected_chromedriver\__init__.py", line 843, in __del__
    self.quit()
  File "C:\Users\Execo Training\AppData\Local\Programs\Python\Python313\Lib\site-packages\undetected_chromedriver\__init__.py", line 798, in quit
    time.sleep(0.1)
OSError: [WinError 6] The handle is invalid

2026-03-16 11:09:00,074 - ERROR - 
[FAILED] ORCHESTRATION FAILED: Download step failed
2026-03-16 11:10:19,768 - INFO - 
2026-03-16 11:10:19,768 - INFO - ============================================================
2026-03-16 11:10:19,768 - INFO -              SCHWAB DATA EXTRACTION ORCHESTRATOR            
2026-03-16 11:10:19,768 - INFO - ============================================================
2026-03-16 11:10:19,769 - INFO - 
2026-03-16 11:10:19,769 - INFO - Start time: 2026-03-16 11:10:19
2026-03-16 11:10:19,769 - INFO - Download directory: downloads
2026-03-16 11:10:19,769 - INFO - Output file: _OBD_SCHW_DATA_OUTPUT.xlsx
2026-03-16 11:10:19,769 - INFO - 
2026-03-16 11:10:19,770 - INFO - ============================================================
2026-03-16 11:10:19,770 - INFO - STEP 1: DOWNLOADING PDF FILES
2026-03-16 11:10:19,770 - INFO - ============================================================
2026-03-16 11:10:19,770 - INFO - Running command: C:\Users\Execo Training\AppData\Local\Programs\Python\Python313\python.exe main.py --download-dir downloads
2026-03-16 11:10:33,320 - INFO - 
2026-03-16 11:10:33,321 - INFO - ============================================================
2026-03-16 11:10:33,321 - INFO -              SCHWAB DATA EXTRACTION ORCHESTRATOR            
2026-03-16 11:10:33,321 - INFO - ============================================================
2026-03-16 11:10:33,321 - INFO - 
2026-03-16 11:10:33,321 - INFO - Start time: 2026-03-16 11:10:33
2026-03-16 11:10:33,321 - INFO - Download directory: downloads
2026-03-16 11:10:33,321 - INFO - Output file: _OBD_SCHW_DATA_OUTPUT.xlsx
2026-03-16 11:10:33,321 - INFO - 
2026-03-16 11:10:33,321 - INFO - ============================================================
2026-03-16 11:10:33,321 - INFO - STEP 1: DOWNLOADING PDF FILES
2026-03-16 11:10:33,321 - INFO - ============================================================
2026-03-16 11:10:33,322 - INFO - Running command: C:\Users\Execo Training\AppData\Local\Programs\Python\Python313\python.exe main.py --download-dir downloads --headless
2026-03-16 11:10:50,578 - ERROR - [X] Download failed: Command '['C:\\Users\\Execo Training\\AppData\\Local\\Programs\\Python\\Python313\\python.exe', 'main.py', '--download-dir', 'downloads']' returned non-zero exit status 1.
2026-03-16 11:10:50,579 - ERROR - Output: 
=== Schwab Financial Report Downloader ===

Download directory: downloads
Headless mode: False

[*] Detected Chrome version: 145.0.7632.160 (major: 145)
[*] Initializing Chrome driver with automatic version matching...
[*] Trying initialization strategy 1...
[+] Chrome driver initialized successfully using strategy 1 (Headless: False)
Navigating to: https://www.aboutschwab.com/financial-reports#panel-25-75--5376
[+] Successfully navigated to the financial reports page
[*] Scanning all quarters to find the latest...
  Found 21 earnings release links
[-] No quarterly reports found

[-] Could not find the latest quarterly report on the page

[*] Navigating to investor relations page...
[*] Searching for 13-week trading activity report...
[-] No 13-week trading activity report found

[-] Could not find the 13-week trading activity report

[*] Searching for monthly activity report announcement...
[*] Navigating to financial reports page...
[*] Found 1 announcement element(s)
[*] Trying alternative strategy - looking for featured SMART link...
[-] Could not find monthly activity report announcement

[-] Could not find the Monthly Client Metrics

[-] No files were downloaded

Closing browser...

2026-03-16 11:10:50,588 - ERROR - Error output: Exception ignored in: <function Chrome.__del__ at 0x00000254E8BE1940>
Traceback (most recent call last):
  File "C:\Users\Execo Training\AppData\Local\Programs\Python\Python313\Lib\site-packages\undetected_chromedriver\__init__.py", line 843, in __del__
    self.quit()
  File "C:\Users\Execo Training\AppData\Local\Programs\Python\Python313\Lib\site-packages\undetected_chromedriver\__init__.py", line 798, in quit
    time.sleep(0.1)
OSError: [WinError 6] The handle is invalid

2026-03-16 11:10:50,588 - ERROR - 
[FAILED] ORCHESTRATION FAILED: Download step failed
2026-03-16 11:10:59,362 - ERROR - [X] Download failed: Command '['C:\\Users\\Execo Training\\AppData\\Local\\Programs\\Python\\Python313\\python.exe', 'main.py', '--download-dir', 'downloads', '--headless']' returned non-zero exit status 1.
2026-03-16 11:10:59,362 - ERROR - Output: 
=== Schwab Financial Report Downloader ===

Download directory: downloads
Headless mode: True

[*] Detected Chrome version: 145.0.7632.160 (major: 145)
[*] Initializing Chrome driver with automatic version matching...
[*] Trying initialization strategy 1...
[+] Chrome driver initialized successfully using strategy 1 (Headless: True)
Navigating to: https://www.aboutschwab.com/financial-reports#panel-25-75--5376
[+] Successfully navigated to the financial reports page
[*] Scanning all quarters to find the latest...
  Found 21 earnings release links
[-] No quarterly reports found

[-] Could not find the latest quarterly report on the page

[*] Navigating to investor relations page...
[*] Searching for 13-week trading activity report...
[-] No 13-week trading activity report found

[-] Could not find the 13-week trading activity report

[*] Searching for monthly activity report announcement...
[*] Navigating to financial reports page...
[*] Found 1 announcement element(s)
[*] Trying alternative strategy - looking for featured SMART link...
[-] Could not find monthly activity report announcement

[-] Could not find the Monthly Client Metrics

[-] No files were downloaded

Closing browser...

2026-03-16 11:10:59,362 - ERROR - Error output: Exception ignored in: <function Chrome.__del__ at 0x00000251FB845800>
Traceback (most recent call last):
  File "C:\Users\Execo Training\AppData\Local\Programs\Python\Python313\Lib\site-packages\undetected_chromedriver\__init__.py", line 843, in __del__
    self.quit()
  File "C:\Users\Execo Training\AppData\Local\Programs\Python\Python313\Lib\site-packages\undetected_chromedriver\__init__.py", line 798, in quit
    time.sleep(0.1)
OSError: [WinError 6] The handle is invalid

2026-03-16 11:10:59,362 - ERROR - 
[FAILED] ORCHESTRATION FAILED: Download step failed
2026-03-16 11:12:44,796 - INFO - 
2026-03-16 11:12:44,796 - INFO - ============================================================
2026-03-16 11:12:44,797 - INFO -              SCHWAB DATA EXTRACTION ORCHESTRATOR            
2026-03-16 11:12:44,797 - INFO - ============================================================
2026-03-16 11:12:44,797 - INFO - 
2026-03-16 11:12:44,797 - INFO - Start time: 2026-03-16 11:12:44
2026-03-16 11:12:44,797 - INFO - Download directory: downloads
2026-03-16 11:12:44,797 - INFO - Output file: _OBD_SCHW_DATA_OUTPUT.xlsx
2026-03-16 11:12:44,797 - INFO - 
2026-03-16 11:12:44,797 - INFO - ============================================================
2026-03-16 11:12:44,797 - INFO - STEP 1: DOWNLOADING PDF FILES
2026-03-16 11:12:44,797 - INFO - ============================================================
2026-03-16 11:12:44,797 - INFO - Running command: C:\Users\Execo Training\AppData\Local\Programs\Python\Python313\python.exe main.py --download-dir downloads --headless
2026-03-16 11:13:10,368 - ERROR - [X] Download failed: Command '['C:\\Users\\Execo Training\\AppData\\Local\\Programs\\Python\\Python313\\python.exe', 'main.py', '--download-dir', 'downloads', '--headless']' returned non-zero exit status 1.
2026-03-16 11:13:10,368 - ERROR - Output: 
=== Schwab Financial Report Downloader ===

Download directory: downloads
Headless mode: True

[*] Detected Chrome version: 145.0.7632.160 (major: 145)
[*] Initializing Chrome driver with automatic version matching...
[*] Trying initialization strategy 1...
[+] Chrome driver initialized successfully using strategy 1 (Headless: True)
Navigating to: https://www.aboutschwab.com/financial-reports#panel-25-75--5376
[+] Successfully navigated to the financial reports page
[*] Scanning all quarters to find the latest...
  Found 21 earnings release links
  [DEBUG] Link text: 'Press release' | href: https://content.schwab.com/web/retail/public/about-schwab/schwab_q4_2025_earning
  [DEBUG] Link text: 'Press release' | href: https://content.schwab.com/web/retail/public/about-schwab/schwab_q3_2025_earning
  [DEBUG] Link text: 'Press release' | href: https://content.schwab.com/web/retail/public/about-schwab/schw_q2_2025_earnings_
  [DEBUG] Link text: 'Press release' | href: https://content.schwab.com/web/retail/public/about-schwab/schw_q1_2025_earnings_
  [DEBUG] Link text: 'Read Schwab&apos;s Q4 2024 earnings report' | href: https://content.schwab.com/web/retail/public/about-schwab/schwab_q4_2024_earning
  [DEBUG] Link text: 'Read Schwab&apos;s Q3 2024 earnings report' | href: https://content.schwab.com/web/retail/public/about-schwab/schwab_q3_2024_earning
  [DEBUG] Link text: 'Read Schwab&apos;s Q2 2024 earnings report' | href: https://content.schwab.com/web/retail/public/about-schwab/schw_q2_2024_earnings_
  [DEBUG] Link text: 'Read Schwab&apos;s Q1 2024 earnings report' | href: https://content.schwab.com/web/retail/public/about-schwab/schw_q1_2024_earnings_
  [DEBUG] Link text: 'Read Schwab&apos;s Q4 2023 earnings report' | href: https://content.schwab.com/web/retail/public/about-schwab/schw_q4_2023_earnings_
  [DEBUG] Link text: 'Read Schwab&apos;s Q3 2023 earnings report' | href: https://content.schwab.com/web/retail/public/about-schwab/schw_q3_2023_earnings_
  [DEBUG] Link text: 'Read Schwab&apos;s Q2 2023 earnings report' | href: https://content.schwab.com/web/retail/public/about-schwab/schw_q2_2023_earnings_
  [DEBUG] Link text: 'Read Schwab&apos;s Q1 2023 earnings report' | href: https://content.schwab.com/web/retail/public/about-schwab/schw_q1_2023_earnings_
  [DEBUG] Link text: 'Read Schwab&apos;s Q4 2022 earnings report' | href: https://content.schwab.com/web/retail/public/about-schwab/schw_q4_2022_earnings_
  [DEBUG] Link text: 'Read Schwab&apos;s Q3 2022 earnings report' | href: https://content.schwab.com/web/retail/public/about-schwab/schw_q3_2022_earnings_
  [DEBUG] Link text: 'Read Schwab&apos;s Q2 2022 earnings report' | href: https://content.schwab.com/web/retail/public/about-schwab/schw_q2_2022_earnings_
  [DEBUG] Link text: 'Read Schwab&apos;s Q1 2022 earnings report' | href: https://content.schwab.com/web/retail/public/about-schwab/schw_q1_2022_earnings_
  [DEBUG] Link text: 'Read Schwab&apos;s Q4 2021 earnings report' | href: https://content.schwab.com/web/retail/public/about-schwab/schw_q4_2021_earnings_
  [DEBUG] Link text: 'Read Schwab&apos;s Q3 2021 earnings report' | href: https://content.schwab.com/web/retail/public/about-schwab/schw_q3_2021_earnings_
  [DEBUG] Link text: 'Read Schwab&apos;s Q2 2021 earnings report' | href: https://content.schwab.com/web/retail/public/about-schwab/schw_q2_2021_earnings_
  [DEBUG] Link text: 'Read Schwab&apos;s Q1 2021 earnings report' | href: https://content.schwab.com/web/retail/public/about-schwab/schw_q1_2021_earnings_
  [DEBUG] Link text: 'Read Schwab&apos;s Q4 2020 earnings report' | href: https://content.schwab.com/web/retail/public/about-schwab/schw_q4_2020_earnings_
[-] No quarterly reports found

[-] Could not find the latest quarterly report on the page

[*] Navigating to investor relations page...
[*] Searching for 13-week trading activity report...
  [DEBUG] All PDF links on investor relations page: 4
    href: https://content.schwab.com/web/retail/public/about-schwab/schwab_q4_2025_earnings_release.pdf
    href: https://content.schwab.com/web/retail/public/about-schwab/schwab_winter_business_update_012126.pdf
    href: https://content.schwab.com/web/retail/public/about-schwab/SEC_Form10k_2025.pdf
    href: https://content.schwab.com/web/retail/public/about-schwab/schw_feb2026_press_release.pdf
[-] No 13-week trading activity report found

[-] Could not find the 13-week trading activity report

[*] Searching for monthly activity report announcement...
[*] Navigating to financial reports page...
[*] Found 1 announcement element(s)
  [DEBUG] Announcement text: 'Schwab released its monthly activity report for February 2026.'
  [DEBUG] Links in parent div: []
[*] Trying alternative strategy - looking for featured SMART link...
[-] Could not find monthly activity report announcement

[-] Could not find the Monthly Client Metrics

[-] No files were downloaded

Closing browser...

2026-03-16 11:13:10,368 - ERROR - Error output: Exception ignored in: <function Chrome.__del__ at 0x000001177E9E5760>
Traceback (most recent call last):
  File "C:\Users\Execo Training\AppData\Local\Programs\Python\Python313\Lib\site-packages\undetected_chromedriver\__init__.py", line 843, in __del__
    self.quit()
  File "C:\Users\Execo Training\AppData\Local\Programs\Python\Python313\Lib\site-packages\undetected_chromedriver\__init__.py", line 798, in quit
    time.sleep(0.1)
OSError: [WinError 6] The handle is invalid

2026-03-16 11:13:10,368 - ERROR - 
[FAILED] ORCHESTRATION FAILED: Download step failed
2026-03-16 11:14:51,033 - INFO - 
2026-03-16 11:14:51,033 - INFO - ============================================================
2026-03-16 11:14:51,033 - INFO -              SCHWAB DATA EXTRACTION ORCHESTRATOR            
2026-03-16 11:14:51,033 - INFO - ============================================================
2026-03-16 11:14:51,033 - INFO - 
2026-03-16 11:14:51,034 - INFO - Start time: 2026-03-16 11:14:51
2026-03-16 11:14:51,034 - INFO - Download directory: downloads
2026-03-16 11:14:51,034 - INFO - Output file: _OBD_SCHW_DATA_OUTPUT.xlsx
2026-03-16 11:14:51,034 - INFO - 
2026-03-16 11:14:51,034 - INFO - ============================================================
2026-03-16 11:14:51,034 - INFO - STEP 1: DOWNLOADING PDF FILES
2026-03-16 11:14:51,034 - INFO - ============================================================
2026-03-16 11:14:51,034 - INFO - Running command: C:\Users\Execo Training\AppData\Local\Programs\Python\Python313\python.exe main.py --download-dir downloads --headless
2026-03-16 11:15:31,030 - INFO - 
=== Schwab Financial Report Downloader ===

Download directory: downloads
Headless mode: True

[*] Detected Chrome version: 145.0.7632.160 (major: 145)
[*] Initializing Chrome driver with automatic version matching...
[*] Trying initialization strategy 1...
[+] Chrome driver initialized successfully using strategy 1 (Headless: True)
Navigating to: https://www.aboutschwab.com/financial-reports#panel-25-75--5376
[+] Successfully navigated to the financial reports page
[*] Scanning all quarters to find the latest...
  Found 21 earnings release links
  Found: Q4 QUARTER 2025
  Found: Q3 QUARTER 2025
  Found: Q2 QUARTER 2025
  Found: Q1 QUARTER 2025
  Found: Q4 QUARTER 2024
  Found: Q3 QUARTER 2024
  Found: Q2 QUARTER 2024
  Found: Q1 QUARTER 2024
  Found: Q4 QUARTER 2023
  Found: Q3 QUARTER 2023
  Found: Q2 QUARTER 2023
  Found: Q1 QUARTER 2023
  Found: Q4 QUARTER 2022
  Found: Q3 QUARTER 2022
  Found: Q2 QUARTER 2022
  Found: Q1 QUARTER 2022
  Found: Q4 QUARTER 2021
  Found: Q3 QUARTER 2021
  Found: Q2 QUARTER 2021
  Found: Q1 QUARTER 2021
  Found: Q4 QUARTER 2020

[+] Latest quarterly report: Q4 QUARTER 2025
  Released: Q4 2025
  URL: https://content.schwab.com/web/retail/public/about-schwab/schwab_q4_2025_earnings_release.pdf
Downloading: schwab_q4_2025_earnings_release.pdf
[+] Downloaded via Selenium: downloads\schwab_q4_2025_earnings_release.pdf

[+] Successfully downloaded the latest quarterly report!
  File saved to: downloads\schwab_q4_2025_earnings_release.pdf

[*] Navigating to investor relations page...
[*] Searching for 13-week trading activity report...
[-] No 13-week trading activity report found

[-] Could not find the 13-week trading activity report

[*] Searching for monthly activity report announcement...
[*] Navigating to financial reports page...
[*] Found 1 announcement element(s)
[+] Found monthly activity report for February 2026
  Link text: View release and table
  URL: https://content.schwab.com/web/retail/public/about-schwab/schw_feb2026_press_release.pdf
Downloading: schw_feb2026_press_release.pdf
[+] Downloaded via Selenium: downloads\schw_feb2026_press_release.pdf

[+] Successfully downloaded the Monthly Client Metrics!
  File saved to: downloads\schw_feb2026_press_release.pdf

[+] Total files downloaded: 2

Closing browser...

2026-03-16 11:15:31,030 - INFO - [SUCCESS] Download completed successfully
2026-03-16 11:15:31,030 - INFO - 
[*] Verifying downloaded files...
2026-03-16 11:15:31,030 - INFO -   [OK] Found *earnings_release*.pdf: schwab_q4_2025_earnings_release.pdf
2026-03-16 11:15:31,031 - WARNING -   [WARNING] Missing files: *13-week*.pdf, *SMART*.pdf
2026-03-16 11:15:31,031 - WARNING -   Some data fields may be incomplete
2026-03-16 11:15:31,031 - INFO - ============================================================
2026-03-16 11:15:31,031 - INFO - STEP 2: EXTRACTING AND MAPPING DATA
2026-03-16 11:15:31,031 - INFO - ============================================================
2026-03-16 11:15:31,031 - INFO - Running command: C:\Users\Execo Training\AppData\Local\Programs\Python\Python313\python.exe map.py --download-dir downloads --output _OBD_SCHW_DATA_OUTPUT.xlsx
2026-03-16 11:15:35,687 - INFO - 
=== Schwab Data Mapper ===

[+] Quarterly report: schw_feb2026_press_release.pdf

[*] Extracting quarterly margin balances from Financial Highlights...
[-] Could not auto-detect Financial Highlights page, defaulting to page 1
[-] Could not extract margin balances from Financial Highlights

[*] Locating Monthly Activity Report...
[+] Monthly Activity Report detected on page 3

[*] Extracting monthly report data...
[+] Found 13 months: ['Feb', 'Mar', 'Apr', 'May', 'Jun', 'Jul', 'Aug', 'Sep', 'Oct', 'Nov', 'Dec', 'Jan', 'Feb']
[+] Month keys: ['2024-02', '2024-03', '2024-04', '2024-05', '2024-06', '2024-07', '2024-08', '2024-09', '2024-10', '2024-11', '2024-12', '2025-01', '2025-02']
[+] Extracted data for 13 months

[*] Building final dataset...

[*] Applying quarterly value logic and calculating Margin Loan Balances...

[*] Mapping quarterly margin balances from Financial Highlights...
  [-] Could not map quarterly margin values, using None
[+] Built dataset with 13 rows and 31 columns
[+] Processed 5 quarters

[+] Data saved to: _OBD_SCHW_DATA_OUTPUT.xlsx
[+] Column order is fixed and consistent

[+] Extraction complete!

2026-03-16 11:15:35,687 - INFO - [SUCCESS] Data mapping completed successfully
2026-03-16 11:15:35,688 - INFO - [SUCCESS] Output saved to: _OBD_SCHW_DATA_OUTPUT.xlsx
2026-03-16 11:15:35,688 - INFO - 
2026-03-16 11:15:35,688 - INFO - ============================================================
2026-03-16 11:15:35,688 - INFO - [SUCCESS] ORCHESTRATION COMPLETED SUCCESSFULLY
2026-03-16 11:15:35,688 - INFO - ============================================================
2026-03-16 11:15:35,688 - INFO - End time: 2026-03-16 11:15:35
2026-03-16 11:15:35,688 - INFO - Duration: 44.65 seconds
2026-03-16 11:15:35,688 - INFO - Output file: _OBD_SCHW_DATA_OUTPUT.xlsx
2026-03-16 11:15:35,688 - INFO - 
2026-03-16 12:49:38,270 - INFO - 
2026-03-16 12:49:38,271 - INFO - ============================================================
2026-03-16 12:49:38,271 - INFO -              SCHWAB DATA EXTRACTION ORCHESTRATOR            
2026-03-16 12:49:38,271 - INFO - ============================================================
2026-03-16 12:49:38,271 - INFO - 
2026-03-16 12:49:38,272 - INFO - Start time: 2026-03-16 12:49:38
2026-03-16 12:49:38,272 - INFO - Download directory: downloads
2026-03-16 12:49:38,272 - INFO - Output file: _OBD_SCHW_DATA_OUTPUT.xlsx
2026-03-16 12:49:38,272 - INFO - 
2026-03-16 12:49:38,272 - INFO - ============================================================
2026-03-16 12:49:38,272 - INFO - STEP 1: DOWNLOADING PDF FILES
2026-03-16 12:49:38,273 - INFO - ============================================================
2026-03-16 12:49:38,273 - INFO - Running command: C:\Users\Execo Training\AppData\Local\Programs\Python\Python313\python.exe main.py --download-dir downloads
2026-03-16 12:50:24,445 - INFO - 
=== Schwab Financial Report Downloader ===

Download directory: downloads
Headless mode: False

[*] Detected Chrome version: 145.0.7632.160 (major: 145)
[*] Initializing Chrome driver with automatic version matching...
[*] Trying initialization strategy 1...
[+] Chrome driver initialized successfully using strategy 1 (Headless: False)
Navigating to: https://www.aboutschwab.com/financial-reports#panel-25-75--5376
[+] Successfully navigated to the financial reports page
[*] Scanning all quarters to find the latest...
  Found 21 earnings release links
  Found: Q4 QUARTER 2025
  Found: Q3 QUARTER 2025
  Found: Q2 QUARTER 2025
  Found: Q1 QUARTER 2025
  Found: Q4 QUARTER 2024
  Found: Q3 QUARTER 2024
  Found: Q2 QUARTER 2024
  Found: Q1 QUARTER 2024
  Found: Q4 QUARTER 2023
  Found: Q3 QUARTER 2023
  Found: Q2 QUARTER 2023
  Found: Q1 QUARTER 2023
  Found: Q4 QUARTER 2022
  Found: Q3 QUARTER 2022
  Found: Q2 QUARTER 2022
  Found: Q1 QUARTER 2022
  Found: Q4 QUARTER 2021
  Found: Q3 QUARTER 2021
  Found: Q2 QUARTER 2021
  Found: Q1 QUARTER 2021
  Found: Q4 QUARTER 2020

[+] Latest quarterly report: Q4 QUARTER 2025
  Released: Q4 2025
  URL: https://content.schwab.com/web/retail/public/about-schwab/schwab_q4_2025_earnings_release.pdf
Downloading: schwab_q4_2025_earnings_release.pdf
[+] Downloaded via Selenium: downloads\schwab_q4_2025_earnings_release.pdf

[+] Successfully downloaded the latest quarterly report!
  File saved to: downloads\schwab_q4_2025_earnings_release.pdf

[*] Navigating to investor relations page...
[*] Searching for 13-week trading activity report...
[-] No 13-week trading activity report found

[-] Could not find the 13-week trading activity report

[*] Searching for monthly activity report announcement...
[*] Navigating to financial reports page...
[*] Found 1 announcement element(s)
[+] Found monthly activity report for February 2026
  Link text: View release and table
  URL: https://content.schwab.com/web/retail/public/about-schwab/schw_feb2026_press_release.pdf
Downloading: schw_feb2026_press_release.pdf
[+] Downloaded via Selenium: downloads\schw_feb2026_press_release.pdf

[+] Successfully downloaded the Monthly Client Metrics!
  File saved to: downloads\schw_feb2026_press_release.pdf

[+] Total files downloaded: 2

Closing browser...

2026-03-16 12:50:24,448 - INFO - [SUCCESS] Download completed successfully
2026-03-16 12:50:24,448 - INFO - 
[*] Verifying downloaded files...
2026-03-16 12:50:24,449 - INFO -   [OK] Found *earnings_release*.pdf: schwab_q4_2025_earnings_release (1).pdf
2026-03-16 12:50:24,450 - WARNING -   [WARNING] Missing files: *13-week*.pdf, *SMART*.pdf
2026-03-16 12:50:24,450 - WARNING -   Some data fields may be incomplete
2026-03-16 12:50:24,450 - INFO - ============================================================
2026-03-16 12:50:24,450 - INFO - STEP 2: EXTRACTING AND MAPPING DATA
2026-03-16 12:50:24,450 - INFO - ============================================================
2026-03-16 12:50:24,451 - INFO - Running command: C:\Users\Execo Training\AppData\Local\Programs\Python\Python313\python.exe map.py --download-dir downloads --output _OBD_SCHW_DATA_OUTPUT.xlsx
2026-03-16 12:50:27,597 - INFO - 
=== Schwab Data Mapper ===

[+] Quarterly report: schwab_q4_2025_earnings_release (1).pdf
[+] Monthly press release: schw_feb2026_press_release (1).pdf

[*] Extracting quarterly margin balances from Financial Highlights...
[+] Financial Highlights detected on page 5
[+] Found 5 quarterly margin values: ['104.7', '93.8', '82.8', '84.4', '85.4']

[*] Locating Monthly Activity Report...
[+] Monthly Activity Report detected on page 9

[*] Extracting monthly report data...
[+] Found 13 months: ['Dec', 'Jan', 'Feb', 'Mar', 'Apr', 'May', 'Jun', 'Jul', 'Aug', 'Sep', 'Oct', 'Nov', 'Dec']
[+] Month keys: ['2024-12', '2025-01', '2025-02', '2025-03', '2025-04', '2025-05', '2025-06', '2025-07', '2025-08', '2025-09', '2025-10', '2025-11', '2025-12']
[+] Extracted data for 13 months

[*] Extracting additional months from monthly press release...
[+] Press release months: 2025-02 to 2026-02
[+] Press release sample (2026-02): TCA=12220.3, Margin=120.6, Cash%=9.3
[+] Adding 2 new months from press release: ['2026-01', '2026-02']
[+] Added DAT values for 11 months from press release

[*] Building final dataset...

[*] Applying quarterly value logic and calculating Margin Loan Balances...

[*] Mapping margin loan balances...
  2024-Q4: $85.4B (Financial Highlights, 1 months)
  2025-Q1: $84.4B (Financial Highlights, 3 months)
  2025-Q2: $82.8B (Financial Highlights, 3 months)
  2025-Q3: $93.8B (Financial Highlights, 3 months)
  2025-Q4: $104.7B (Financial Highlights, 3 months)
  2026-01: $104.7B (last complete quarterly)
  2026-02: $104.7B (last complete quarterly)
[+] Built dataset with 15 rows and 31 columns
[+] Processed 6 quarters

[+] Data saved to: _OBD_SCHW_DATA_OUTPUT.xlsx
[+] Column order is fixed and consistent

[+] Extraction complete!

2026-03-16 12:50:27,600 - INFO - [SUCCESS] Data mapping completed successfully
2026-03-16 12:50:27,600 - INFO - [SUCCESS] Output saved to: _OBD_SCHW_DATA_OUTPUT.xlsx
2026-03-16 12:50:27,600 - INFO - 
2026-03-16 12:50:27,600 - INFO - ============================================================
2026-03-16 12:50:27,600 - INFO - [SUCCESS] ORCHESTRATION COMPLETED SUCCESSFULLY
2026-03-16 12:50:27,601 - INFO - ============================================================
2026-03-16 12:50:27,601 - INFO - End time: 2026-03-16 12:50:27
2026-03-16 12:50:27,601 - INFO - Duration: 49.33 seconds
2026-03-16 12:50:27,601 - INFO - Output file: _OBD_SCHW_DATA_OUTPUT.xlsx
2026-03-16 12:50:27,601 - INFO - 
2026-03-17 11:23:33,667 - INFO - 
2026-03-17 11:23:33,669 - INFO - ============================================================
2026-03-17 11:23:33,669 - INFO -              SCHWAB DATA EXTRACTION ORCHESTRATOR            
2026-03-17 11:23:33,669 - INFO - ============================================================
2026-03-17 11:23:33,669 - INFO - 
2026-03-17 11:23:33,669 - INFO - Start time: 2026-03-17 11:23:33
2026-03-17 11:23:33,670 - INFO - Download directory: downloads
2026-03-17 11:23:33,670 - INFO - Output file: ./output/_OBD_SCHW_DATA_OUTPUT.xlsx
2026-03-17 11:23:33,670 - INFO - 
2026-03-17 11:23:33,670 - INFO - ============================================================
2026-03-17 11:23:33,670 - INFO - STEP 1: DOWNLOADING PDF FILES
2026-03-17 11:23:33,670 - INFO - ============================================================
2026-03-17 11:23:33,671 - INFO - Running command: C:\Users\Execo Training\AppData\Local\Programs\Python\Python313\python.exe main.py --download-dir downloads
2026-03-17 11:24:19,868 - INFO - 
=== Schwab Financial Report Downloader ===

Download directory: downloads
Headless mode: False

[*] Detected Chrome version: 145.0.7632.160 (major: 145)
[*] Initializing Chrome driver with automatic version matching...
[*] Trying initialization strategy 1...
[+] Chrome driver initialized successfully using strategy 1 (Headless: False)
Navigating to: https://www.aboutschwab.com/financial-reports#panel-25-75--5376
[+] Successfully navigated to the financial reports page
[*] Scanning all quarters to find the latest...
  Found 21 earnings release links
  Found: Q4 QUARTER 2025
  Found: Q3 QUARTER 2025
  Found: Q2 QUARTER 2025
  Found: Q1 QUARTER 2025
  Found: Q4 QUARTER 2024
  Found: Q3 QUARTER 2024
  Found: Q2 QUARTER 2024
  Found: Q1 QUARTER 2024
  Found: Q4 QUARTER 2023
  Found: Q3 QUARTER 2023
  Found: Q2 QUARTER 2023
  Found: Q1 QUARTER 2023
  Found: Q4 QUARTER 2022
  Found: Q3 QUARTER 2022
  Found: Q2 QUARTER 2022
  Found: Q1 QUARTER 2022
  Found: Q4 QUARTER 2021
  Found: Q3 QUARTER 2021
  Found: Q2 QUARTER 2021
  Found: Q1 QUARTER 2021
  Found: Q4 QUARTER 2020

[+] Latest quarterly report: Q4 QUARTER 2025
  Released: Q4 2025
  URL: https://content.schwab.com/web/retail/public/about-schwab/schwab_q4_2025_earnings_release.pdf
Downloading: schwab_q4_2025_earnings_release.pdf
[+] Downloaded via Selenium: downloads\schwab_q4_2025_earnings_release.pdf

[+] Successfully downloaded the latest quarterly report!
  File saved to: downloads\schwab_q4_2025_earnings_release.pdf

[*] Navigating to investor relations page...
[*] Searching for 13-week trading activity report...
[-] No 13-week trading activity report found

[-] Could not find the 13-week trading activity report

[*] Searching for monthly activity report announcement...
[*] Navigating to financial reports page...
[*] Found 1 announcement element(s)
[+] Found monthly activity report for February 2026
  Link text: View release and table
  URL: https://content.schwab.com/web/retail/public/about-schwab/schw_feb2026_press_release.pdf
Downloading: schw_feb2026_press_release.pdf
[+] Downloaded via Selenium: downloads\schw_feb2026_press_release.pdf

[+] Successfully downloaded the Monthly Client Metrics!
  File saved to: downloads\schw_feb2026_press_release.pdf

[+] Total files downloaded: 2

Closing browser...

2026-03-17 11:24:19,872 - INFO - [SUCCESS] Download completed successfully
2026-03-17 11:24:19,872 - INFO - 
[*] Verifying downloaded files...
2026-03-17 11:24:19,873 - INFO -   [OK] Found *earnings_release*.pdf: schwab_q4_2025_earnings_release.pdf
2026-03-17 11:24:19,873 - WARNING -   [WARNING] Missing files: *13-week*.pdf, *SMART*.pdf
2026-03-17 11:24:19,873 - WARNING -   Some data fields may be incomplete
2026-03-17 11:24:19,874 - INFO - ============================================================
2026-03-17 11:24:19,874 - INFO - STEP 2: EXTRACTING AND MAPPING DATA
2026-03-17 11:24:19,874 - INFO - ============================================================
2026-03-17 11:24:19,874 - INFO - Running command: C:\Users\Execo Training\AppData\Local\Programs\Python\Python313\python.exe map.py --download-dir downloads --output ./output/_OBD_SCHW_DATA_OUTPUT.xlsx
2026-03-17 11:24:23,353 - INFO - 
=== Schwab Data Mapper ===

[+] Quarterly report: schwab_q4_2025_earnings_release.pdf
[+] Monthly press release: schw_feb2026_press_release.pdf

[*] Extracting quarterly margin balances from Financial Highlights...
[+] Financial Highlights detected on page 5
[+] Found 5 quarterly margin values: ['104.7', '93.8', '82.8', '84.4', '85.4']
[+] Financial Highlights detected on page 5
[+] Found 5 quarterly DAT values: [8274.0, 7421.0, 7571.0, 7391.0, 6312.0]

[*] Locating Monthly Activity Report...
[+] Monthly Activity Report detected on page 9

[*] Extracting monthly report data...
[+] Found 13 months: ['Dec', 'Jan', 'Feb', 'Mar', 'Apr', 'May', 'Jun', 'Jul', 'Aug', 'Sep', 'Oct', 'Nov', 'Dec']
[+] Month keys: ['2024-12', '2025-01', '2025-02', '2025-03', '2025-04', '2025-05', '2025-06', '2025-07', '2025-08', '2025-09', '2025-10', '2025-11', '2025-12']
[+] Extracted data for 13 months

[*] Extracting additional months from monthly press release...
[+] Press release months: 2025-02 to 2026-02
[+] Press release sample (2026-02): TCA=12220.3, Margin=120.6, Cash%=9.3
[+] Adding 2 new months from press release: ['2026-01', '2026-02']
[+] Added DAT values for 11 months from press release

[*] Building final dataset...
[+] Quarterly DAT map: {'2024-Q4': 6312.0, '2025-Q1': 7391.0, '2025-Q2': 7571.0, '2025-Q3': 7421.0, '2025-Q4': 8274.0}

[*] Applying quarterly value logic and calculating Margin Loan Balances...

[*] Mapping margin loan balances...
  2024-Q4: $85.4B (Financial Highlights, 1 months)
  2025-Q1: $84.4B (Financial Highlights, 3 months)
  2025-Q2: $82.8B (Financial Highlights, 3 months)
  2025-Q3: $93.8B (Financial Highlights, 3 months)
  2025-Q4: $104.7B (Financial Highlights, 3 months)
  2026-01: $104.7B (last complete quarterly)
  2026-02: $104.7B (last complete quarterly)
[+] Built dataset with 15 rows and 31 columns
[+] Processed 6 quarters

[+] Data saved to: ./output/_OBD_SCHW_DATA_OUTPUT.xlsx
[+] Column order is fixed and consistent

[+] Extraction complete!

2026-03-17 11:24:23,366 - INFO - [SUCCESS] Data mapping completed successfully
2026-03-17 11:24:23,366 - INFO - [SUCCESS] Output saved to: ./output/_OBD_SCHW_DATA_OUTPUT.xlsx
2026-03-17 11:24:23,367 - INFO - 
2026-03-17 11:24:23,367 - INFO - ============================================================
2026-03-17 11:24:23,367 - INFO - [SUCCESS] ORCHESTRATION COMPLETED SUCCESSFULLY
2026-03-17 11:24:23,367 - INFO - ============================================================
2026-03-17 11:24:23,370 - INFO - End time: 2026-03-17 11:24:23
2026-03-17 11:24:23,372 - INFO - Duration: 49.70 seconds
2026-03-17 11:24:23,375 - INFO - Output file: ./output/_OBD_SCHW_DATA_OUTPUT.xlsx
2026-03-17 11:24:23,376 - INFO - 
2026-03-17 11:24:30,188 - INFO - 
2026-03-17 11:24:30,188 - INFO - ============================================================
2026-03-17 11:24:30,188 - INFO -              SCHWAB DATA EXTRACTION ORCHESTRATOR            
2026-03-17 11:24:30,188 - INFO - ============================================================
2026-03-17 11:24:30,188 - INFO - 
2026-03-17 11:24:30,188 - INFO - Start time: 2026-03-17 11:24:30
2026-03-17 11:24:30,189 - INFO - Download directory: downloads
2026-03-17 11:24:30,189 - INFO - Output file: ./output/_OBD_SCHW_DATA_OUTPUT.xlsx
2026-03-17 11:24:30,189 - INFO - 
2026-03-17 11:24:30,190 - INFO - ============================================================
2026-03-17 11:24:30,190 - INFO - STEP 1: DOWNLOADING PDF FILES
2026-03-17 11:24:30,190 - INFO - ============================================================
2026-03-17 11:24:30,191 - INFO - Running command: C:\Users\Execo Training\AppData\Local\Programs\Python\Python313\python.exe main.py --download-dir downloads --headless
2026-03-17 11:25:14,911 - INFO - 
=== Schwab Financial Report Downloader ===

Download directory: downloads
Headless mode: True

[*] Detected Chrome version: 145.0.7632.160 (major: 145)
[*] Initializing Chrome driver with automatic version matching...
[*] Trying initialization strategy 1...
[+] Chrome driver initialized successfully using strategy 1 (Headless: True)
Navigating to: https://www.aboutschwab.com/financial-reports#panel-25-75--5376
[+] Successfully navigated to the financial reports page
[*] Scanning all quarters to find the latest...
  Found 21 earnings release links
  Found: Q4 QUARTER 2025
  Found: Q3 QUARTER 2025
  Found: Q2 QUARTER 2025
  Found: Q1 QUARTER 2025
  Found: Q4 QUARTER 2024
  Found: Q3 QUARTER 2024
  Found: Q2 QUARTER 2024
  Found: Q1 QUARTER 2024
  Found: Q4 QUARTER 2023
  Found: Q3 QUARTER 2023
  Found: Q2 QUARTER 2023
  Found: Q1 QUARTER 2023
  Found: Q4 QUARTER 2022
  Found: Q3 QUARTER 2022
  Found: Q2 QUARTER 2022
  Found: Q1 QUARTER 2022
  Found: Q4 QUARTER 2021
  Found: Q3 QUARTER 2021
  Found: Q2 QUARTER 2021
  Found: Q1 QUARTER 2021
  Found: Q4 QUARTER 2020

[+] Latest quarterly report: Q4 QUARTER 2025
  Released: Q4 2025
  URL: https://content.schwab.com/web/retail/public/about-schwab/schwab_q4_2025_earnings_release.pdf
Downloading: schwab_q4_2025_earnings_release.pdf
[+] Downloaded via Selenium: downloads\schwab_q4_2025_earnings_release.pdf

[+] Successfully downloaded the latest quarterly report!
  File saved to: downloads\schwab_q4_2025_earnings_release.pdf

[*] Navigating to investor relations page...
[*] Searching for 13-week trading activity report...
[-] No 13-week trading activity report found

[-] Could not find the 13-week trading activity report

[*] Searching for monthly activity report announcement...
[*] Navigating to financial reports page...
[*] Found 1 announcement element(s)
[+] Found monthly activity report for February 2026
  Link text: View release and table
  URL: https://content.schwab.com/web/retail/public/about-schwab/schw_feb2026_press_release.pdf
Downloading: schw_feb2026_press_release.pdf
[+] Downloaded via Selenium: downloads\schw_feb2026_press_release.pdf

[+] Successfully downloaded the Monthly Client Metrics!
  File saved to: downloads\schw_feb2026_press_release.pdf

[+] Total files downloaded: 2

Closing browser...

2026-03-17 11:25:14,911 - INFO - [SUCCESS] Download completed successfully
2026-03-17 11:25:14,911 - INFO - 
[*] Verifying downloaded files...
2026-03-17 11:25:14,911 - INFO -   [OK] Found *earnings_release*.pdf: schwab_q4_2025_earnings_release.pdf
2026-03-17 11:25:14,912 - WARNING -   [WARNING] Missing files: *13-week*.pdf, *SMART*.pdf
2026-03-17 11:25:14,912 - WARNING -   Some data fields may be incomplete
2026-03-17 11:25:14,912 - INFO - ============================================================
2026-03-17 11:25:14,912 - INFO - STEP 2: EXTRACTING AND MAPPING DATA
2026-03-17 11:25:14,912 - INFO - ============================================================
2026-03-17 11:25:14,912 - INFO - Running command: C:\Users\Execo Training\AppData\Local\Programs\Python\Python313\python.exe map.py --download-dir downloads --output ./output/_OBD_SCHW_DATA_OUTPUT.xlsx
2026-03-17 11:25:17,330 - INFO - 
=== Schwab Data Mapper ===

[+] Quarterly report: schwab_q4_2025_earnings_release.pdf
[+] Monthly press release: schw_feb2026_press_release.pdf

[*] Extracting quarterly margin balances from Financial Highlights...
[+] Financial Highlights detected on page 5
[+] Found 5 quarterly margin values: ['104.7', '93.8', '82.8', '84.4', '85.4']
[+] Financial Highlights detected on page 5
[+] Found 5 quarterly DAT values: [8274.0, 7421.0, 7571.0, 7391.0, 6312.0]

[*] Locating Monthly Activity Report...
[+] Monthly Activity Report detected on page 9

[*] Extracting monthly report data...
[+] Found 13 months: ['Dec', 'Jan', 'Feb', 'Mar', 'Apr', 'May', 'Jun', 'Jul', 'Aug', 'Sep', 'Oct', 'Nov', 'Dec']
[+] Month keys: ['2024-12', '2025-01', '2025-02', '2025-03', '2025-04', '2025-05', '2025-06', '2025-07', '2025-08', '2025-09', '2025-10', '2025-11', '2025-12']
[+] Extracted data for 13 months

[*] Extracting additional months from monthly press release...
[+] Press release months: 2025-02 to 2026-02
[+] Press release sample (2026-02): TCA=12220.3, Margin=120.6, Cash%=9.3
[+] Adding 2 new months from press release: ['2026-01', '2026-02']
[+] Added DAT values for 11 months from press release

[*] Building final dataset...
[+] Quarterly DAT map: {'2024-Q4': 6312.0, '2025-Q1': 7391.0, '2025-Q2': 7571.0, '2025-Q3': 7421.0, '2025-Q4': 8274.0}

[*] Applying quarterly value logic and calculating Margin Loan Balances...

[*] Mapping margin loan balances...
  2024-Q4: $85.4B (Financial Highlights, 1 months)
  2025-Q1: $84.4B (Financial Highlights, 3 months)
  2025-Q2: $82.8B (Financial Highlights, 3 months)
  2025-Q3: $93.8B (Financial Highlights, 3 months)
  2025-Q4: $104.7B (Financial Highlights, 3 months)
  2026-01: $104.7B (last complete quarterly)
  2026-02: $104.7B (last complete quarterly)
[+] Built dataset with 15 rows and 31 columns
[+] Processed 6 quarters

[+] Data saved to: ./output/_OBD_SCHW_DATA_OUTPUT.xlsx
[+] Column order is fixed and consistent

[+] Extraction complete!

2026-03-17 11:25:17,330 - INFO - [SUCCESS] Data mapping completed successfully
2026-03-17 11:25:17,331 - INFO - [SUCCESS] Output saved to: ./output/_OBD_SCHW_DATA_OUTPUT.xlsx
2026-03-17 11:25:17,331 - INFO - 
2026-03-17 11:25:17,331 - INFO - ============================================================
2026-03-17 11:25:17,331 - INFO - [SUCCESS] ORCHESTRATION COMPLETED SUCCESSFULLY
2026-03-17 11:25:17,331 - INFO - ============================================================
2026-03-17 11:25:17,331 - INFO - End time: 2026-03-17 11:25:17
2026-03-17 11:25:17,331 - INFO - Duration: 47.14 seconds
2026-03-17 11:25:17,331 - INFO - Output file: ./output/_OBD_SCHW_DATA_OUTPUT.xlsx
2026-03-17 11:25:17,331 - INFO - 
2026-03-18 11:08:07,938 - INFO - 
2026-03-18 11:08:07,938 - INFO - ============================================================
2026-03-18 11:08:07,938 - INFO -              SCHWAB DATA EXTRACTION ORCHESTRATOR            
2026-03-18 11:08:07,938 - INFO - ============================================================
2026-03-18 11:08:07,939 - INFO - 
2026-03-18 11:08:07,939 - INFO - Start time: 2026-03-18 11:08:07
2026-03-18 11:08:07,939 - INFO - Download directory: downloads
2026-03-18 11:08:07,939 - INFO - Output file: ./output/_OBD_SCHW_DATA_OUTPUT.xlsx
2026-03-18 11:08:07,939 - INFO - 
2026-03-18 11:08:07,939 - INFO - ============================================================
2026-03-18 11:08:07,939 - INFO - STEP 1: DOWNLOADING PDF FILES
2026-03-18 11:08:07,939 - INFO - ============================================================
2026-03-18 11:08:07,939 - INFO - Running command: C:\Users\Execo Training\AppData\Local\Programs\Python\Python313\python.exe main.py --download-dir downloads
2026-03-18 11:09:37,478 - INFO - 
2026-03-18 11:09:37,478 - INFO - ============================================================
2026-03-18 11:09:37,479 - INFO -              SCHWAB DATA EXTRACTION ORCHESTRATOR            
2026-03-18 11:09:37,479 - INFO - ============================================================
2026-03-18 11:09:37,479 - INFO - 
2026-03-18 11:09:37,479 - INFO - Start time: 2026-03-18 11:09:37
2026-03-18 11:09:37,479 - INFO - Download directory: downloads
2026-03-18 11:09:37,479 - INFO - Output file: ./output/_OBD_SCHW_DATA_OUTPUT.xlsx
2026-03-18 11:09:37,480 - INFO - 
2026-03-18 11:09:37,480 - INFO - ============================================================
2026-03-18 11:09:37,480 - INFO - STEP 1: DOWNLOADING PDF FILES
2026-03-18 11:09:37,480 - INFO - ============================================================
2026-03-18 11:09:37,480 - INFO - Running command: C:\Users\Execo Training\AppData\Local\Programs\Python\Python313\python.exe main.py --download-dir downloads --headless
2026-03-18 11:10:15,706 - INFO - 
=== Schwab Financial Report Downloader ===

Download directory: downloads
Headless mode: True

[*] Detected Chrome version: 146.0.7680.80 (major: 146)
[*] Initializing Chrome driver with automatic version matching...
[*] Trying initialization strategy 1...
[+] Chrome driver initialized successfully using strategy 1 (Headless: True)
Navigating to: https://www.aboutschwab.com/financial-reports#panel-25-75--5376
[+] Successfully navigated to the financial reports page
[*] Scanning all quarters to find the latest...
  Found 21 earnings release links
  Found: Q4 QUARTER 2025
  Found: Q3 QUARTER 2025
  Found: Q2 QUARTER 2025
  Found: Q1 QUARTER 2025
  Found: Q4 QUARTER 2024
  Found: Q3 QUARTER 2024
  Found: Q2 QUARTER 2024
  Found: Q1 QUARTER 2024
  Found: Q4 QUARTER 2023
  Found: Q3 QUARTER 2023
  Found: Q2 QUARTER 2023
  Found: Q1 QUARTER 2023
  Found: Q4 QUARTER 2022
  Found: Q3 QUARTER 2022
  Found: Q2 QUARTER 2022
  Found: Q1 QUARTER 2022
  Found: Q4 QUARTER 2021
  Found: Q3 QUARTER 2021
  Found: Q2 QUARTER 2021
  Found: Q1 QUARTER 2021
  Found: Q4 QUARTER 2020

[+] Latest quarterly report: Q4 QUARTER 2025
  Released: Q4 2025
  URL: https://content.schwab.com/web/retail/public/about-schwab/schwab_q4_2025_earnings_release.pdf
Downloading: schwab_q4_2025_earnings_release.pdf
[+] Downloaded via Selenium: downloads\schwab_q4_2025_earnings_release.pdf

[+] Successfully downloaded the latest quarterly report!
  File saved to: downloads\schwab_q4_2025_earnings_release.pdf

[*] Navigating to investor relations page...
[*] Searching for 13-week trading activity report...
[-] No 13-week trading activity report found

[-] Could not find the 13-week trading activity report

[*] Searching for monthly activity report announcement...
[*] Navigating to financial reports page...
[*] Found 1 announcement element(s)
[+] Found monthly activity report for February 2026
  Link text: View release and table
  URL: https://content.schwab.com/web/retail/public/about-schwab/schw_feb2026_press_release.pdf
Downloading: schw_feb2026_press_release.pdf
[+] Downloaded via Selenium: downloads\schw_feb2026_press_release.pdf

[+] Successfully downloaded the Monthly Client Metrics!
  File saved to: downloads\schw_feb2026_press_release.pdf

[+] Total files downloaded: 2

Closing browser...

2026-03-18 11:10:15,709 - INFO - [SUCCESS] Download completed successfully
2026-03-18 11:10:15,710 - INFO - 
[*] Verifying downloaded files...
2026-03-18 11:10:15,710 - INFO -   [OK] Found *earnings_release*.pdf: schwab_q4_2025_earnings_release.pdf
2026-03-18 11:10:15,711 - WARNING -   [WARNING] Missing files: *13-week*.pdf, *SMART*.pdf
2026-03-18 11:10:15,711 - WARNING -   Some data fields may be incomplete
2026-03-18 11:10:15,712 - INFO - ============================================================
2026-03-18 11:10:15,712 - INFO - STEP 2: EXTRACTING AND MAPPING DATA
2026-03-18 11:10:15,713 - INFO - ============================================================
2026-03-18 11:10:15,713 - INFO - Running command: C:\Users\Execo Training\AppData\Local\Programs\Python\Python313\python.exe map.py --download-dir downloads --output ./output/_OBD_SCHW_DATA_OUTPUT.xlsx
2026-03-18 11:10:21,706 - INFO - 
=== Schwab Data Mapper ===

[+] Quarterly report: schwab_q4_2025_earnings_release.pdf
[+] Monthly press release: schw_feb2026_press_release.pdf

[*] Extracting quarterly margin balances from Financial Highlights...
[+] Financial Highlights detected on page 5
[+] Found 5 quarterly margin values: ['104.7', '93.8', '82.8', '84.4', '85.4']
[+] Financial Highlights detected on page 5
[+] Found 5 quarterly DAT values: [8274.0, 7421.0, 7571.0, 7391.0, 6312.0]

[*] Locating Monthly Activity Report...
[+] Monthly Activity Report detected on page 9

[*] Extracting monthly report data...
[+] Found 13 months: ['Dec', 'Jan', 'Feb', 'Mar', 'Apr', 'May', 'Jun', 'Jul', 'Aug', 'Sep', 'Oct', 'Nov', 'Dec']
[+] Month keys: ['2024-12', '2025-01', '2025-02', '2025-03', '2025-04', '2025-05', '2025-06', '2025-07', '2025-08', '2025-09', '2025-10', '2025-11', '2025-12']
[+] Extracted data for 13 months

[*] Extracting additional months from monthly press release...
[+] Press release months: 2025-02 to 2026-02
[+] Press release sample (2026-02): TCA=12220.3, Margin=120.6, Cash%=9.3
[+] Adding 2 new months from press release: ['2026-01', '2026-02']
[+] Added DAT values for 11 months from press release

[*] Building final dataset...
[+] Quarterly DAT map: {'2024-Q4': 6312.0, '2025-Q1': 7391.0, '2025-Q2': 7571.0, '2025-Q3': 7421.0, '2025-Q4': 8274.0}

[*] Applying quarterly value logic and calculating Margin Loan Balances...

[*] Mapping margin loan balances...
  2024-Q4: $85.4B (Financial Highlights, 1 months)
  2025-Q1: $84.4B (Financial Highlights, 3 months)
  2025-Q2: $82.8B (Financial Highlights, 3 months)
  2025-Q3: $93.8B (Financial Highlights, 3 months)
  2025-Q4: $104.7B (Financial Highlights, 3 months)
  2026-01: $104.7B (last complete quarterly)
  2026-02: $104.7B (last complete quarterly)
[+] Built dataset with 15 rows and 31 columns
[+] Processed 6 quarters

[+] Data saved to: ./output/_OBD_SCHW_DATA_OUTPUT.xlsx
[+] Column order is fixed and consistent

[+] Extraction complete!

2026-03-18 11:10:21,709 - INFO - [SUCCESS] Data mapping completed successfully
2026-03-18 11:10:21,709 - INFO - [SUCCESS] Output saved to: ./output/_OBD_SCHW_DATA_OUTPUT.xlsx
2026-03-18 11:10:21,709 - INFO - 
2026-03-18 11:10:21,709 - INFO - ============================================================
2026-03-18 11:10:21,709 - INFO - [SUCCESS] ORCHESTRATION COMPLETED SUCCESSFULLY
2026-03-18 11:10:21,709 - INFO - ============================================================
2026-03-18 11:10:21,710 - INFO - End time: 2026-03-18 11:10:21
2026-03-18 11:10:21,710 - INFO - Duration: 44.23 seconds
2026-03-18 11:10:21,710 - INFO - Output file: ./output/_OBD_SCHW_DATA_OUTPUT.xlsx
2026-03-18 11:10:21,710 - INFO - 
